# JRE version: OpenJDK Runtime Environment (11.0.15) (build 11.0.15+0-b2043.56-9505619)
# Java VM: OpenJDK 64-Bit Server VM (11.0.15+0-b2043.56-9505619, mixed mode, tiered, compressed oops, g1 gc, windows-amd64)
Heap:
 garbage-first heap   total 439296K, used 409238K [0x0000000080000000, 0x0000000100000000)
  region size 1024K, 12 young (12288K), 3 survivors (3072K)
 Metaspace       used 128201K, capacity 132032K, committed 132144K, reserved 1163264K
  class space    used 16221K, capacity 17658K, committed 17688K, reserved 1048576K
GC Heap History (20 events):
Event: 111.367 GC heap before
{Heap before GC invocations=59 (full 0):
 garbage-first heap   total 439296K, used 382976K [0x0000000080000000, 0x0000000100000000)
  region size 1024K, 47 young (48128K), 8 survivors (8192K)
 Metaspace       used 127835K, capacity 131662K, committed 131888K, reserved 1163264K
  class space    used 16215K, capacity 17649K, committed 17688K, reserved 1048576K
}
Event: 111.388 GC heap after
{Heap after GC invocations=60 (full 0):
 garbage-first heap   total 439296K, used 332242K [0x0000000080000000, 0x0000000100000000)
  region size 1024K, 4 young (4096K), 4 survivors (4096K)
 Metaspace       used 127835K, capacity 131662K, committed 131888K, reserved 1163264K
  class space    used 16215K, capacity 17649K, committed 17688K, reserved 1048576K
}
Event: 111.579 GC heap before
{Heap before GC invocations=60 (full 0):
 garbage-first heap   total 439296K, used 370130K [0x0000000080000000, 0x0000000100000000)
  region size 1024K, 42 young (43008K), 4 survivors (4096K)
 Metaspace       used 127867K, capacity 131682K, committed 131888K, reserved 1163264K
  class space    used 16217K, capacity 17653K, committed 17688K, reserved 1048576K
}
Event: 111.590 GC heap after
{Heap after GC invocations=61 (full 0):
 garbage-first heap   total 439296K, used 338920K [0x0000000080000000, 0x0000000100000000)
  region size 1024K, 6 young (6144K), 6 survivors (6144K)
 Metaspace       used 127867K, capacity 131682K, committed 131888K, reserved 1163264K
  class space    used 16217K, capacity 17653K, committed 17688K, reserved 1048576K
}
Event: 111.832 GC heap before
{Heap before GC invocations=61 (full 0):
 garbage-first heap   total 439296K, used 374760K [0x0000000080000000, 0x0000000100000000)
  region size 1024K, 42 young (43008K), 6 survivors (6144K)
 Metaspace       used 127894K, capacity 131746K, committed 131888K, reserved 1163264K
  class space    used 16217K, capacity 17653K, committed 17688K, reserved 1048576K
}
Event: 111.839 GC heap after
{Heap after GC invocations=62 (full 0):
 garbage-first heap   total 439296K, used 340207K [0x0000000080000000, 0x0000000100000000)
  region size 1024K, 2 young (2048K), 2 survivors (2048K)
 Metaspace       used 127894K, capacity 131746K, committed 131888K, reserved 1163264K
  class space    used 16217K, capacity 17653K, committed 17688K, reserved 1048576K
}
Event: 112.206 GC heap before
{Heap before GC invocations=62 (full 0):
 garbage-first heap   total 439296K, used 376047K [0x0000000080000000, 0x0000000100000000)
  region size 1024K, 38 young (38912K), 2 survivors (2048K)
 Metaspace       used 127972K, capacity 131761K, committed 131888K, reserved 1163264K
  class space    used 16219K, capacity 17656K, committed 17688K, reserved 1048576K
}
Event: 112.215 GC heap after
{Heap after GC invocations=63 (full 0):
 garbage-first heap   total 439296K, used 342436K [0x0000000080000000, 0x0000000100000000)
  region size 1024K, 5 young (5120K), 5 survivors (5120K)
 Metaspace       used 127972K, capacity 131761K, committed 131888K, reserved 1163264K
  class space    used 16219K, capacity 17656K, committed 17688K, reserved 1048576K
}
Event: 112.551 GC heap before
{Heap before GC invocations=63 (full 0):
 garbage-first heap   total 439296K, used 378276K [0x0000000080000000, 0x0000000100000000)
  region size 1024K, 41 young (41984K), 5 survivors (5120K)
 Metaspace       used 128073K, capacity 131892K, committed 132144K, reserved 1163264K
  class space    used 16220K, capacity 17657K, committed 17688K, reserved 1048576K
}
Event: 112.558 GC heap after
{Heap after GC invocations=64 (full 0):
 garbage-first heap   total 439296K, used 344757K [0x0000000080000000, 0x0000000100000000)
  region size 1024K, 6 young (6144K), 6 survivors (6144K)
 Metaspace       used 128073K, capacity 131892K, committed 132144K, reserved 1163264K
  class space    used 16220K, capacity 17657K, committed 17688K, reserved 1048576K
}
Event: 112.978 GC heap before
{Heap before GC invocations=64 (full 0):
 garbage-first heap   total 439296K, used 385717K [0x0000000080000000, 0x0000000100000000)
  region size 1024K, 30 young (30720K), 6 survivors (6144K)
 Metaspace       used 128118K, capacity 131893K, committed 132144K, reserved 1163264K
  class space    used 16220K, capacity 17657K, committed 17688K, reserved 1048576K
}
Event: 113.014 GC heap after
{Heap after GC invocations=65 (full 0):
 garbage-first heap   total 439296K, used 365207K [0x0000000080000000, 0x0000000100000000)
  region size 1024K, 6 young (6144K), 6 survivors (6144K)
 Metaspace       used 128118K, capacity 131893K, committed 132144K, reserved 1163264K
  class space    used 16220K, capacity 17657K, committed 17688K, reserved 1048576K
}
Event: 113.088 GC heap before
{Heap before GC invocations=65 (full 0):
 garbage-first heap   total 439296K, used 408215K [0x0000000080000000, 0x0000000100000000)
  region size 1024K, 25 young (25600K), 6 survivors (6144K)
 Metaspace       used 128121K, capacity 131893K, committed 132144K, reserved 1163264K
  class space    used 16220K, capacity 17657K, committed 17688K, reserved 1048576K
}
Event: 113.096 GC heap after
{Heap after GC invocations=66 (full 0):
 garbage-first heap   total 439296K, used 381741K [0x0000000080000000, 0x0000000100000000)
  region size 1024K, 4 young (4096K), 4 survivors (4096K)
 Metaspace       used 128121K, capacity 131893K, committed 132144K, reserved 1163264K
  class space    used 16220K, capacity 17657K, committed 17688K, reserved 1048576K
}
Event: 113.261 GC heap before
{Heap before GC invocations=66 (full 0):
 garbage-first heap   total 439296K, used 398125K [0x0000000080000000, 0x0000000100000000)
  region size 1024K, 21 young (21504K), 4 survivors (4096K)
 Metaspace       used 128124K, capacity 131957K, committed 132144K, reserved 1163264K
  class space    used 16220K, capacity 17657K, committed 17688K, reserved 1048576K
}
Event: 113.272 GC heap after
{Heap after GC invocations=67 (full 0):
 garbage-first heap   total 439296K, used 387141K [0x0000000080000000, 0x0000000100000000)
  region size 1024K, 3 young (3072K), 3 survivors (3072K)
 Metaspace       used 128124K, capacity 131957K, committed 132144K, reserved 1163264K
  class space    used 16220K, capacity 17657K, committed 17688K, reserved 1048576K
}
Event: 113.547 GC heap before
{Heap before GC invocations=67 (full 0):
 garbage-first heap   total 439296K, used 404549K [0x0000000080000000, 0x0000000100000000)
  region size 1024K, 21 young (21504K), 3 survivors (3072K)
 Metaspace       used 128185K, capacity 132032K, committed 132144K, reserved 1163264K
  class space    used 16221K, capacity 17658K, committed 17688K, reserved 1048576K
}
Event: 113.564 GC heap after
{Heap after GC invocations=68 (full 0):
 garbage-first heap   total 439296K, used 393160K [0x0000000080000000, 0x0000000100000000)
  region size 1024K, 3 young (3072K), 3 survivors (3072K)
 Metaspace       used 128185K, capacity 132032K, committed 132144K, reserved 1163264K
  class space    used 16221K, capacity 17658K, committed 17688K, reserved 1048576K
}
Event: 113.877 GC heap before
{Heap before GC invocations=68 (full 0):
 garbage-first heap   total 439296K, used 412616K [0x0000000080000000, 0x0000000100000000)
  region size 1024K, 21 young (21504K), 3 survivors (3072K)
 Metaspace       used 128190K, capacity 132032K, committed 132144K, reserved 1163264K
  class space    used 16221K, capacity 17658K, committed 17688K, reserved 1048576K
}
Event: 113.896 GC heap after
{Heap after GC invocations=69 (full 0):
 garbage-first heap   total 439296K, used 401046K [0x0000000080000000, 0x0000000100000000)
  region size 1024K, 3 young (3072K), 3 survivors (3072K)
 Metaspace       used 128190K, capacity 132032K, committed 132144K, reserved 1163264K
  class space    used 16221K, capacity 17658K, committed 17688K, reserved 1048576K
}

